#
# There is insufficient memory for the Java Runtime Environment to continue.
# Native memory allocation (malloc) failed to allocate 845456 bytes for Chunk::new
# Possible reasons:
#   The system is out of physical RAM or swap space
#   The process is running with CompressedOops enabled, and the Java Heap may be blocking the growth of the native heap
# Possible solutions:
#   Reduce memory load on the system
#   Increase physical memory or swap space
#   Check if swap backing store is full
#   Decrease Java heap size (-Xmx/-Xms)
#   Decrease number of Java threads
#   Decrease Java thread stack sizes (-Xss)
#   Set larger code cache with -XX:ReservedCodeCacheSize=
#   JVM is running with Unscaled Compressed Oops mode in which the Java heap is
#     placed in the first 4GB address space. The Java Heap base address is the
#     maximum limit for the native heap growth. Please use -XX:HeapBaseMinAddress
#     to set the Java Heap base and to place the Java Heap above 4GB virtual address.
# This output file may be truncated or incomplete.
#
#  Out of Memory Error (allocation.cpp:389), pid=3708, tid=0x00000000000022dc
#
# JRE version: Java(TM) SE Runtime Environment (8.0_221-b11) (build 1.8.0_221-b11)
# Java VM: Java HotSpot(TM) 64-Bit Server VM (25.221-b11 mixed mode windows-amd64 compressed oops)
# Failed to write core dump. Minidumps are not enabled by default on client versions of Windows
#

---------------  T H R E A D  ---------------

Current thread (0x0000000017bc9000):  JavaThread "C2 CompilerThread0" daemon [_thread_in_native, id=8924, stack(0x0000000019220000,0x0000000019320000)]

Stack: [0x0000000019220000,0x0000000019320000]
[error occurred during error reporting (printing stack bounds), id 0xc0000005]

Native frames: (J=compiled Java code, j=interpreted, Vv=VM code, C=native code)


Current CompileTask:
C2:  21742 11877       4       com.android.tools.r8.graph.I::a (1039 bytes)


---------------  P R O C E S S  ---------------

Java Threads: ( => current thread )
  0x000000001a7d7800 JavaThread "ForkJoinPool-3-worker-0" daemon [_thread_in_Java, id=9820, stack(0x0000000029be0000,0x0000000029ce0000)]
  0x000000001a7d9800 JavaThread "ForkJoinPool-3-worker-3" daemon [_thread_in_Java, id=2960, stack(0x0000000029ae0000,0x0000000029be0000)]
  0x000000001a7db000 JavaThread "ForkJoinPool-3-worker-2" daemon [_thread_blocked, id=11292, stack(0x00000000299e0000,0x0000000029ae0000)]
  0x000000001a7ce800 JavaThread "ForkJoinPool-3-worker-1" daemon [_thread_blocked, id=11020, stack(0x0000000027fe0000,0x00000000280e0000)]
  0x000000001a7d6800 JavaThread "WorkerExecutor Queue Thread 4" [_thread_blocked, id=7712, stack(0x0000000029f20000,0x000000002a020000)]
  0x000000001a7cf000 JavaThread "WorkerExecutor Queue Thread 3" [_thread_blocked, id=3436, stack(0x0000000029e20000,0x0000000029f20000)]
  0x000000001a7d6000 JavaThread "WorkerExecutor Queue Thread 2" [_thread_blocked, id=12916, stack(0x0000000029d20000,0x0000000029e20000)]
  0x000000001a7d5000 JavaThread "WorkerExecutor Queue" [_thread_in_native, id=404, stack(0x0000000028440000,0x0000000028540000)]
  0x000000001a7d1800 JavaThread "ForkJoinPool.commonPool-worker-3" daemon [_thread_blocked, id=5920, stack(0x00000000280e0000,0x00000000281e0000)]
  0x000000001a7d4800 JavaThread "ForkJoinPool.commonPool-worker-1" daemon [_thread_blocked, id=7412, stack(0x0000000027ee0000,0x0000000027fe0000)]
  0x000000001a7cc000 JavaThread "Cache worker for execution history cache (D:\ilmu komputer\semester 5\mobile\activity\.gradle\6.1.1\executionHistory)" [_thread_blocked, id=9260, stack(0x0000000025170000,0x0000000025270000)]
  0x000000001a7d0800 JavaThread "Execution worker for ':' Thread 3" [_thread_blocked, id=768, stack(0x0000000026e10000,0x0000000026f10000)]
  0x000000001a7cd800 JavaThread "Execution worker for ':' Thread 2" [_thread_blocked, id=9960, stack(0x0000000025a30000,0x0000000025b30000)]
  0x000000001ac64000 JavaThread "Execution worker for ':'" [_thread_blocked, id=11056, stack(0x0000000025930000,0x0000000025a30000)]
  0x000000001ac66000 JavaThread "Cache worker for file content cache (D:\ilmu komputer\semester 5\mobile\activity\.gradle\6.1.1\fileContent)" [_thread_blocked, id=5320, stack(0x00000000249c0000,0x0000000024ac0000)]
  0x000000001ac6a800 JavaThread "Cache worker for file content cache (C:\Users\Rahmadilan\.gradle\caches\6.1.1\fileContent)" [_thread_blocked, id=12452, stack(0x00000000248c0000,0x00000000249c0000)]
  0x000000001ac6a000 JavaThread "Memory manager" [_thread_blocked, id=13212, stack(0x0000000023b00000,0x0000000023c00000)]
  0x000000001ac67800 JavaThread "Cache worker for Build Output Cleanup Cache (D:\ilmu komputer\semester 5\mobile\activity\.gradle\buildOutputCleanup)" [_thread_blocked, id=1652, stack(0x0000000022380000,0x0000000022480000)]
  0x000000001ac68800 JavaThread "Build operations Thread 4" [_thread_blocked, id=2452, stack(0x0000000022a30000,0x0000000022b30000)]
  0x000000001ac67000 JavaThread "Build operations Thread 3" [_thread_blocked, id=8356, stack(0x0000000022930000,0x0000000022a30000)]
  0x000000001ac65800 JavaThread "Build operations Thread 2" [_thread_blocked, id=10740, stack(0x0000000022830000,0x0000000022930000)]
  0x000000001ac64800 JavaThread "Build operations" [_thread_blocked, id=6408, stack(0x0000000022730000,0x0000000022830000)]
  0x000000001bacd000 JavaThread "Cache worker for execution history cache (C:\Users\Rahmadilan\.gradle\caches\6.1.1\executionHistory)" [_thread_blocked, id=12356, stack(0x0000000021400000,0x0000000021500000)]
  0x000000001baca000 JavaThread "Cache worker for cache directory md-rule (C:\Users\Rahmadilan\.gradle\caches\6.1.1\md-rule)" [_thread_blocked, id=11544, stack(0x0000000021300000,0x0000000021400000)]
  0x000000001bac9800 JavaThread "Cache worker for cache directory md-supplier (C:\Users\Rahmadilan\.gradle\caches\6.1.1\md-supplier)" [_thread_blocked, id=10908, stack(0x0000000021200000,0x0000000021300000)]
  0x000000001bac8800 JavaThread "Cache worker for file hash cache (D:\ilmu komputer\semester 5\mobile\activity\.gradle\6.1.1\fileHashes)" [_thread_blocked, id=8460, stack(0x000000001ff80000,0x0000000020080000)]
  0x000000001bacb800 JavaThread "Cache worker for checksums cache (D:\ilmu komputer\semester 5\mobile\activity\.gradle\checksums)" [_thread_blocked, id=8752, stack(0x0000000020130000,0x0000000020230000)]
  0x000000001bacb000 JavaThread "Cache worker for file hash cache (C:\Users\Rahmadilan\.gradle\caches\6.1.1\fileHashes)" [_thread_blocked, id=11428, stack(0x000000001d940000,0x000000001da40000)]
  0x000000001bacc800 JavaThread "File lock request listener" [_thread_in_native, id=11308, stack(0x000000001d840000,0x000000001d940000)]
  0x000000001bac7800 JavaThread "Cache worker for journal cache (C:\Users\Rahmadilan\.gradle\caches\journal-1)" [_thread_blocked, id=8868, stack(0x000000001d740000,0x000000001d840000)]
  0x0000000019c1e000 JavaThread "Thread-9" [_thread_blocked, id=1988, stack(0x000000001d440000,0x000000001d540000)]
  0x0000000019c1b000 JavaThread "Stdin handler" [_thread_blocked, id=848, stack(0x000000001d340000,0x000000001d440000)]
  0x0000000019c1a000 JavaThread "Asynchronous log dispatcher for DefaultDaemonConnection: socket connection from /127.0.0.1:59424 to /127.0.0.1:59425" [_thread_blocked, id=4256, stack(0x000000001d240000,0x000000001d340000)]
  0x000000001b849000 JavaThread "Daemon worker" [_thread_blocked, id=12608, stack(0x000000001d140000,0x000000001d240000)]
  0x000000001b853000 JavaThread "Cancel handler" [_thread_blocked, id=3380, stack(0x000000001d040000,0x000000001d140000)]
  0x000000001b2ec000 JavaThread "Handler for socket connection from /127.0.0.1:59424 to /127.0.0.1:59425" [_thread_in_native, id=12488, stack(0x000000001cd40000,0x000000001ce40000)]
  0x000000001b2e9000 JavaThread "Daemon" [_thread_blocked, id=9968, stack(0x000000001cc40000,0x000000001cd40000)]
  0x000000001b7fd800 JavaThread "Daemon periodic checks" [_thread_blocked, id=4564, stack(0x000000001cb40000,0x000000001cc40000)]
  0x000000001b799800 JavaThread "Incoming local TCP Connector on port 59424" [_thread_in_native, id=11108, stack(0x000000001c900000,0x000000001ca00000)]
  0x0000000019ba8000 JavaThread "Daemon health stats" [_thread_blocked, id=5000, stack(0x000000001c2c0000,0x000000001c3c0000)]
  0x0000000019554000 JavaThread "Service Thread" daemon [_thread_blocked, id=10204, stack(0x0000000019920000,0x0000000019a20000)]
  0x0000000017bcd000 JavaThread "C1 CompilerThread2" daemon [_thread_in_native, id=9332, stack(0x0000000019420000,0x0000000019520000)]
  0x0000000017bc0800 JavaThread "C2 CompilerThread1" daemon [_thread_in_native, id=10200, stack(0x0000000019320000,0x0000000019420000)]
=>0x0000000017bc9000 JavaThread "C2 CompilerThread0" daemon [_thread_in_native, id=8924, stack(0x0000000019220000,0x0000000019320000)]
  0x0000000017bc7000 JavaThread "Attach Listener" daemon [_thread_blocked, id=10152, stack(0x0000000019120000,0x0000000019220000)]
  0x0000000017bc5800 JavaThread "Signal Dispatcher" daemon [_thread_blocked, id=5532, stack(0x0000000019020000,0x0000000019120000)]
  0x0000000002f9a800 JavaThread "Finalizer" daemon [_thread_blocked, id=6444, stack(0x0000000018e20000,0x0000000018f20000)]
  0x0000000002f92000 JavaThread "Reference Handler" daemon [_thread_blocked, id=9104, stack(0x0000000018d20000,0x0000000018e20000)]
  0x0000000002e9e000 JavaThread "main" [_thread_blocked, id=12364, stack(0x0000000002d00000,0x0000000002e00000)]

Other Threads:
  0x0000000017b87000 VMThread [stack: 0x0000000018c20000,0x0000000018d20000] [id=12764]
  0x0000000019564800 WatcherThread [stack: 0x0000000019a20000,0x0000000019b20000] [id=13228]

VM state:not at safepoint (normal execution)

VM Mutex/Monitor currently owned by a thread: None

heap address: 0x0000000080000000, size: 2048 MB, Compressed Oops mode: 32-bit
Narrow klass base: 0x0000000000000000, Narrow klass shift: 3
Compressed class space size: 1073741824 Address: 0x0000000100000000

Heap:
 PSYoungGen      total 351744K, used 29186K [0x00000000d5580000, 0x00000000ecd00000, 0x0000000100000000)
  eden space 327680K, 2% used [0x00000000d5580000,0x00000000d5e7e148,0x00000000e9580000)
  from space 24064K, 83% used [0x00000000eaf00000,0x00000000ec282828,0x00000000ec680000)
  to   space 26112K, 0% used [0x00000000e9580000,0x00000000e9580000,0x00000000eaf00000)
 ParOldGen       total 118784K, used 57252K [0x0000000080000000, 0x0000000087400000, 0x00000000d5580000)
  object space 118784K, 48% used [0x0000000080000000,0x00000000837e9050,0x0000000087400000)
 Metaspace       used 74563K, capacity 78962K, committed 79232K, reserved 1118208K
  class space    used 10451K, capacity 11270K, committed 11392K, reserved 1048576K

Card table byte_map: [0x0000000012360000,0x0000000012770000] byte_map_base: 0x0000000011f60000

Marking Bits: (ParMarkBitMap*) 0x0000000065e35ce0
 Begin Bits: [0x0000000012e20000, 0x0000000014e20000)
 End Bits:   [0x0000000014e20000, 0x0000000016e20000)

Polling page: 0x0000000002c80000

CodeCache: size=245760Kb used=35224Kb max_used=35224Kb free=210535Kb
 bounds [0x0000000002fa0000, 0x0000000005230000, 0x0000000011fa0000]
 total_blobs=11563 nmethods=10739 adapters=733
 compilation: enabled

Compilation events (10 events):
Event: 21.598 Thread 0x0000000017bcd000 nmethod 12404 0x00000000051b2e50 code [0x00000000051b3360, 0x00000000051b5ae8]
Event: 21.598 Thread 0x0000000017bcd000 12406       3       com.android.tools.r8.dex.n::a (1022 bytes)
Event: 21.606 Thread 0x0000000017bcd000 nmethod 12406 0x00000000051b8e10 code [0x00000000051b96c0, 0x00000000051bf9c8]
Event: 21.606 Thread 0x0000000017bcd000 12412 %     3       com.android.tools.r8.code.u1::a @ 20 (4075 bytes)
Event: 21.698 Thread 0x0000000017bcd000 nmethod 12412% 0x00000000051c7550 code [0x00000000051caaa0, 0x00000000051f3018]
Event: 21.699 Thread 0x0000000017bcd000 12418   !   2       java.lang.ref.Reference::tryHandlePending (115 bytes)
Event: 21.699 Thread 0x0000000017bcd000 nmethod 12418 0x0000000005214850 code [0x0000000005214a40, 0x0000000005215088]
Event: 21.699 Thread 0x0000000017bcd000 12415 %     3       com.android.tools.r8.dex.n::e @ 36 (704 bytes)
Event: 21.708 Thread 0x0000000017bcd000 nmethod 12415% 0x00000000052154d0 code [0x0000000005215ea0, 0x000000000521d7a8]
Event: 21.708 Thread 0x0000000017bcd000 12424       3       com.android.tools.r8.code.u1::a (4075 bytes)

GC Heap History (10 events):
Event: 16.956 GC heap before
{Heap before GC invocations=17 (full 3):
 PSYoungGen      total 221696K, used 221695K [0x00000000d5580000, 0x00000000e7000000, 0x0000000100000000)
  eden space 198656K, 100% used [0x00000000d5580000,0x00000000e1780000,0x00000000e1780000)
  from space 23040K, 99% used [0x00000000e1780000,0x00000000e2dffd10,0x00000000e2e00000)
  to   space 27648K, 0% used [0x00000000e5500000,0x00000000e5500000,0x00000000e7000000)
 ParOldGen       total 118784K, used 38836K [0x0000000080000000, 0x0000000087400000, 0x00000000d5580000)
  object space 118784K, 32% used [0x0000000080000000,0x00000000825ed170,0x0000000087400000)
 Metaspace       used 71397K, capacity 75506K, committed 75648K, reserved 1114112K
  class space    used 10073K, capacity 10846K, committed 10880K, reserved 1048576K
Event: 16.996 GC heap after
Heap after GC invocations=17 (full 3):
 PSYoungGen      total 261632K, used 2592K [0x00000000d5580000, 0x00000000e7980000, 0x0000000100000000)
  eden space 233984K, 0% used [0x00000000d5580000,0x00000000d5580000,0x00000000e3a00000)
  from space 27648K, 9% used [0x00000000e5500000,0x00000000e5788218,0x00000000e7000000)
  to   space 27648K, 0% used [0x00000000e3a00000,0x00000000e3a00000,0x00000000e5500000)
 ParOldGen       total 118784K, used 57244K [0x0000000080000000, 0x0000000087400000, 0x00000000d5580000)
  object space 118784K, 48% used [0x0000000080000000,0x00000000837e7050,0x0000000087400000)
 Metaspace       used 71397K, capacity 75506K, committed 75648K, reserved 1114112K
  class space    used 10073K, capacity 10846K, committed 10880K, reserved 1048576K
}
Event: 18.027 GC heap before
{Heap before GC invocations=18 (full 3):
 PSYoungGen      total 261632K, used 236576K [0x00000000d5580000, 0x00000000e7980000, 0x0000000100000000)
  eden space 233984K, 100% used [0x00000000d5580000,0x00000000e3a00000,0x00000000e3a00000)
  from space 27648K, 9% used [0x00000000e5500000,0x00000000e5788218,0x00000000e7000000)
  to   space 27648K, 0% used [0x00000000e3a00000,0x00000000e3a00000,0x00000000e5500000)
 ParOldGen       total 118784K, used 57244K [0x0000000080000000, 0x0000000087400000, 0x00000000d5580000)
  object space 118784K, 48% used [0x0000000080000000,0x00000000837e7050,0x0000000087400000)
 Metaspace       used 72167K, capacity 76336K, committed 76544K, reserved 1114112K
  class space    used 10177K, capacity 10965K, committed 11008K, reserved 1048576K
Event: 18.043 GC heap after
Heap after GC invocations=18 (full 3):
 PSYoungGen      total 261632K, used 6857K [0x00000000d5580000, 0x00000000e9f00000, 0x0000000100000000)
  eden space 233984K, 0% used [0x00000000d5580000,0x00000000d5580000,0x00000000e3a00000)
  from space 27648K, 24% used [0x00000000e3a00000,0x00000000e40b27b0,0x00000000e5500000)
  to   space 26624K, 0% used [0x00000000e8500000,0x00000000e8500000,0x00000000e9f00000)
 ParOldGen       total 118784K, used 57244K [0x0000000080000000, 0x0000000087400000, 0x00000000d5580000)
  object space 118784K, 48% used [0x0000000080000000,0x00000000837e7050,0x0000000087400000)
 Metaspace       used 72167K, capacity 76336K, committed 76544K, reserved 1114112K
  class space    used 10177K, capacity 10965K, committed 11008K, reserved 1048576K
}
Event: 18.850 GC heap before
{Heap before GC invocations=19 (full 3):
 PSYoungGen      total 261632K, used 240841K [0x00000000d5580000, 0x00000000e9f00000, 0x0000000100000000)
  eden space 233984K, 100% used [0x00000000d5580000,0x00000000e3a00000,0x00000000e3a00000)
  from space 27648K, 24% used [0x00000000e3a00000,0x00000000e40b27b0,0x00000000e5500000)
  to   space 26624K, 0% used [0x00000000e8500000,0x00000000e8500000,0x00000000e9f00000)
 ParOldGen       total 118784K, used 57244K [0x0000000080000000, 0x0000000087400000, 0x00000000d5580000)
  object space 118784K, 48% used [0x0000000080000000,0x00000000837e7050,0x0000000087400000)
 Metaspace       used 72588K, capacity 76816K, committed 77184K, reserved 1116160K
  class space    used 10221K, capacity 11019K, committed 11136K, reserved 1048576K
Event: 18.869 GC heap after
Heap after GC invocations=19 (full 3):
 PSYoungGen      total 310784K, used 10372K [0x00000000d5580000, 0x00000000e9d80000, 0x0000000100000000)
  eden space 285696K, 0% used [0x00000000d5580000,0x00000000d5580000,0x00000000e6c80000)
  from space 25088K, 41% used [0x00000000e8500000,0x00000000e8f21008,0x00000000e9d80000)
  to   space 25088K, 0% used [0x00000000e6c80000,0x00000000e6c80000,0x00000000e8500000)
 ParOldGen       total 118784K, used 57244K [0x0000000080000000, 0x0000000087400000, 0x00000000d5580000)
  object space 118784K, 48% used [0x0000000080000000,0x00000000837e7050,0x0000000087400000)
 Metaspace       used 72588K, capacity 76816K, committed 77184K, reserved 1116160K
  class space    used 10221K, capacity 11019K, committed 11136K, reserved 1048576K
}
Event: 20.084 GC heap before
{Heap before GC invocations=20 (full 3):
 PSYoungGen      total 310784K, used 296068K [0x00000000d5580000, 0x00000000e9d80000, 0x0000000100000000)
  eden space 285696K, 100% used [0x00000000d5580000,0x00000000e6c80000,0x00000000e6c80000)
  from space 25088K, 41% used [0x00000000e8500000,0x00000000e8f21008,0x00000000e9d80000)
  to   space 25088K, 0% used [0x00000000e6c80000,0x00000000e6c80000,0x00000000e8500000)
 ParOldGen       total 118784K, used 57244K [0x0000000080000000, 0x0000000087400000, 0x00000000d5580000)
  object space 118784K, 48% used [0x0000000080000000,0x00000000837e7050,0x0000000087400000)
 Metaspace       used 73184K, capacity 77518K, committed 77696K, reserved 1116160K
  class space    used 10285K, capacity 11080K, committed 11136K, reserved 1048576K
Event: 20.119 GC heap after
Heap after GC invocations=20 (full 3):
 PSYoungGen      total 310784K, used 12004K [0x00000000d5580000, 0x00000000ec680000, 0x0000000100000000)
  eden space 285696K, 0% used [0x00000000d5580000,0x00000000d5580000,0x00000000e6c80000)
  from space 25088K, 47% used [0x00000000e6c80000,0x00000000e78391e0,0x00000000e8500000)
  to   space 24064K, 0% used [0x00000000eaf00000,0x00000000eaf00000,0x00000000ec680000)
 ParOldGen       total 118784K, used 57244K [0x0000000080000000, 0x0000000087400000, 0x00000000d5580000)
  object space 118784K, 48% used [0x0000000080000000,0x00000000837e7050,0x0000000087400000)
 Metaspace       used 73184K, capacity 77518K, committed 77696K, reserved 1116160K
  class space    used 10285K, capacity 11080K, committed 11136K, reserved 1048576K
}
Event: 21.616 GC heap before
{Heap before GC invocations=21 (full 3):
 PSYoungGen      total 310784K, used 297700K [0x00000000d5580000, 0x00000000ec680000, 0x0000000100000000)
  eden space 285696K, 100% used [0x00000000d5580000,0x00000000e6c80000,0x00000000e6c80000)
  from space 25088K, 47% used [0x00000000e6c80000,0x00000000e78391e0,0x00000000e8500000)
  to   space 24064K, 0% used [0x00000000eaf00000,0x00000000eaf00000,0x00000000ec680000)
 ParOldGen       total 118784K, used 57244K [0x0000000080000000, 0x0000000087400000, 0x00000000d5580000)
  object space 118784K, 48% used [0x0000000080000000,0x00000000837e7050,0x0000000087400000)
 Metaspace       used 74562K, capacity 78962K, committed 79232K, reserved 1118208K
  class space    used 10451K, capacity 11270K, committed 11392K, reserved 1048576K
Event: 21.664 GC heap after
Heap after GC invocations=21 (full 3):
 PSYoungGen      total 351744K, used 19978K [0x00000000d5580000, 0x00000000ecd00000, 0x0000000100000000)
  eden space 327680K, 0% used [0x00000000d5580000,0x00000000d5580000,0x00000000e9580000)
  from space 24064K, 83% used [0x00000000eaf00000,0x00000000ec282828,0x00000000ec680000)
  to   space 26112K, 0% used [0x00000000e9580000,0x00000000e9580000,0x00000000eaf00000)
 ParOldGen       total 118784K, used 57252K [0x0000000080000000, 0x0000000087400000, 0x00000000d5580000)
  object space 118784K, 48% used [0x0000000080000000,0x00000000837e9050,0x0000000087400000)
 Metaspace       used 74562K, capacity 78962K, committed 79232K, reserved 1118208K
  class space    used 10451K, capacity 11270K, committed 11392K, reserved 1048576K
}

Deoptimization events (10 events):
Event: 21.051 Thread 0x000000001a7d5000 Uncommon trap: reason=bimorphic action=maybe_recompile pc=0x00000000036c8d04 method=java.util.regex.Pattern$Slice.match(Ljava/util/regex/Matcher;ILjava/lang/CharSequence;)Z @ 75
Event: 21.051 Thread 0x000000001a7d5000 Uncommon trap: reason=bimorphic action=maybe_recompile pc=0x00000000036c8d04 method=java.util.regex.Pattern$Slice.match(Ljava/util/regex/Matcher;ILjava/lang/CharSequence;)Z @ 75
Event: 21.051 Thread 0x000000001a7d5000 Uncommon trap: reason=unstable_if action=reinterpret pc=0x00000000036c8ce4 method=java.util.regex.Matcher.match(II)Z @ 30
Event: 21.051 Thread 0x000000001a7d5000 Uncommon trap: reason=bimorphic action=maybe_recompile pc=0x00000000034aaed8 method=java.util.regex.Pattern$Slice.match(Ljava/util/regex/Matcher;ILjava/lang/CharSequence;)Z @ 75
Event: 21.051 Thread 0x000000001a7d5000 Uncommon trap: reason=bimorphic action=maybe_recompile pc=0x00000000034aaed8 method=java.util.regex.Pattern$Slice.match(Ljava/util/regex/Matcher;ILjava/lang/CharSequence;)Z @ 75
Event: 21.104 Thread 0x000000001a7d5000 Uncommon trap: reason=class_check action=maybe_recompile pc=0x0000000003385040 method=java.util.Collections$UnmodifiableCollection.size()I @ 4
Event: 21.204 Thread 0x000000001a7d5000 Uncommon trap: reason=class_check action=maybe_recompile pc=0x0000000003385040 method=java.util.Collections$UnmodifiableCollection.size()I @ 4
Event: 21.288 Thread 0x000000001a7d5000 Uncommon trap: reason=class_check action=maybe_recompile pc=0x0000000003385040 method=java.util.Collections$UnmodifiableCollection.size()I @ 4
Event: 21.301 Thread 0x000000001a7d5000 Uncommon trap: reason=class_check action=maybe_recompile pc=0x0000000003385040 method=java.util.Collections$UnmodifiableCollection.size()I @ 4
Event: 21.664 Thread 0x0000000002f92000 Uncommon trap: reason=unstable_if action=reinterpret pc=0x0000000003f1a378 method=java.lang.ref.Reference.tryHandlePending(Z)Z @ 20

Classes redefined (0 events):
No events

Internal exceptions (10 events):
Event: 19.785 Thread 0x000000001a7d6800 Exception <a 'sun/nio/fs/WindowsException'> (0x00000000e385d230) thrown at [C:\re\workspace\8-2-build-windows-amd64-cygwin\jdk8u221\13320\hotspot\src\share\vm\prims\jni.cpp, line 710]
Event: 19.962 Thread 0x000000001a7ce800 Implicit null exception at 0x0000000003ad80af to 0x0000000003ad81a1
Event: 20.231 Thread 0x000000001a7ce800 Exception <a 'sun/nio/fs/WindowsException'> (0x00000000d7156120) thrown at [C:\re\workspace\8-2-build-windows-amd64-cygwin\jdk8u221\13320\hotspot\src\share\vm\prims\jni.cpp, line 710]
Event: 20.887 Thread 0x000000001a7cd800 Exception <a 'sun/nio/fs/WindowsException'> (0x00000000e1875f90) thrown at [C:\re\workspace\8-2-build-windows-amd64-cygwin\jdk8u221\13320\hotspot\src\share\vm\prims\jni.cpp, line 710]
Event: 20.981 Thread 0x000000001b849000 Exception <a 'java/lang/NoSuchMethodError': <clinit>> (0x00000000e258dfe0) thrown at [C:\re\workspace\8-2-build-windows-amd64-cygwin\jdk8u221\13320\hotspot\src\share\vm\prims\jni.cpp, line 1614]
Event: 20.985 Thread 0x000000001b849000 Exception <a 'java/lang/NoSuchMethodError': <clinit>> (0x00000000e25b3f78) thrown at [C:\re\workspace\8-2-build-windows-amd64-cygwin\jdk8u221\13320\hotspot\src\share\vm\prims\jni.cpp, line 1614]
Event: 21.024 Thread 0x000000001a7d5000 Exception <a 'java/lang/NoSuchMethodError': java.lang.Object.lambda$asRunnable$0(Lcom/android/tools/build/apkzlib/utils/IOExceptionRunnable;)V> (0x00000000e2b63cf8) thrown at [C:\re\workspace\8-2-build-windows-amd64-cygwin\jdk8u221\13320\hotspot\src\share
Event: 21.132 Thread 0x000000001a7d5000 Exception <a 'java/lang/NoSuchMethodError': java.lang.Object.newSystemTemporaryDirectory()Lcom/android/tools/build/apkzlib/bytestorage/TemporaryDirectory;> (0x00000000e356ae60) thrown at [C:\re\workspace\8-2-build-windows-amd64-cygwin\jdk8u221\13320\hotsp
Event: 21.340 Thread 0x000000001ac64000 Exception <a 'sun/nio/fs/WindowsException'> (0x00000000e465d798) thrown at [C:\re\workspace\8-2-build-windows-amd64-cygwin\jdk8u221\13320\hotspot\src\share\vm\prims\jni.cpp, line 710]
Event: 21.436 Thread 0x000000001a7cf000 Exception <a 'sun/nio/fs/WindowsException'> (0x00000000e4e95710) thrown at [C:\re\workspace\8-2-build-windows-amd64-cygwin\jdk8u221\13320\hotspot\src\share\vm\prims\jni.cpp, line 710]

Events (10 events):
Event: 21.664 Thread 0x0000000002f92000 DEOPT PACKING pc=0x0000000003f1a378 sp=0x0000000018e1f1a0
Event: 21.664 Thread 0x0000000002f92000 DEOPT UNPACKING pc=0x0000000002fe583b sp=0x0000000018e1f158 mode 2
Event: 21.699 Thread 0x000000001a7ce800 DEOPT PACKING pc=0x0000000005198a6a sp=0x00000000280de6f0
Event: 21.699 Thread 0x000000001a7ce800 DEOPT UNPACKING pc=0x0000000002fe7890 sp=0x00000000280deba8 mode 0
Event: 21.709 Executing VM operation: RevokeBias
Event: 21.709 Executing VM operation: RevokeBias done
Event: 21.722 Thread 0x000000001a7ce800 DEOPT PACKING pc=0x0000000005198a6a sp=0x00000000280de6e0
Event: 21.722 Thread 0x000000001a7ce800 DEOPT UNPACKING pc=0x0000000002fe7890 sp=0x00000000280deb98 mode 0
Event: 21.733 Thread 0x000000001a7ce800 DEOPT PACKING pc=0x0000000005198a6a sp=0x00000000280de6e0
Event: 21.733 Thread 0x000000001a7ce800 DEOPT UNPACKING pc=0x0000000002fe7890 sp=0x00000000280deb98 mode 0


Dynamic libraries:
0x00007ff6ca700000 - 0x00007ff6ca737000 	C:\Program Files\Java\jdk1.8.0_221\bin\java.exe
0x00007ffae8f20000 - 0x00007ffae9110000 	C:\Windows\SYSTEM32\ntdll.dll
0x00007ffae8aa0000 - 0x00007ffae8b52000 	C:\Windows\System32\KERNEL32.DLL
0x00007ffae65a0000 - 0x00007ffae6845000 	C:\Windows\System32\KERNELBASE.dll
0x00007ffae80c0000 - 0x00007ffae8163000 	C:\Windows\System32\ADVAPI32.dll
0x00007ffae7d40000 - 0x00007ffae7dde000 	C:\Windows\System32\msvcrt.dll
0x00007ffae7de0000 - 0x00007ffae7e77000 	C:\Windows\System32\sechost.dll
0x00007ffae6fd0000 - 0x00007ffae70f0000 	C:\Windows\System32\RPCRT4.dll
0x00007ffae7f20000 - 0x00007ffae80b5000 	C:\Windows\System32\USER32.dll
0x00007ffae6160000 - 0x00007ffae6181000 	C:\Windows\System32\win32u.dll
0x00007ffae8ca0000 - 0x00007ffae8cc6000 	C:\Windows\System32\GDI32.dll
0x00007ffae5f30000 - 0x00007ffae60c6000 	C:\Windows\System32\gdi32full.dll
0x00007ffae62e0000 - 0x00007ffae637e000 	C:\Windows\System32\msvcp_win.dll
0x00007ffae6190000 - 0x00007ffae628a000 	C:\Windows\System32\ucrtbase.dll
0x00007ffad4f30000 - 0x00007ffad51b4000 	C:\Windows\WinSxS\amd64_microsoft.windows.common-controls_6595b64144ccf1df_6.0.18362.1082_none_9e8193e1e45b25c1\COMCTL32.dll
0x00007ffae7820000 - 0x00007ffae7b55000 	C:\Windows\System32\combase.dll
0x00007ffae5eb0000 - 0x00007ffae5f30000 	C:\Windows\System32\bcryptPrimitives.dll
0x00007ffae7ef0000 - 0x00007ffae7f1e000 	C:\Windows\System32\IMM32.DLL
0x0000000065ec0000 - 0x0000000065f92000 	C:\Program Files\Java\jdk1.8.0_221\jre\bin\msvcr100.dll
0x0000000065610000 - 0x0000000065eb5000 	C:\Program Files\Java\jdk1.8.0_221\jre\bin\server\jvm.dll
0x00007ffae7bd0000 - 0x00007ffae7bd8000 	C:\Windows\System32\PSAPI.DLL
0x00007ffae4830000 - 0x00007ffae483a000 	C:\Windows\SYSTEM32\VERSION.dll
0x00007ffae4800000 - 0x00007ffae4824000 	C:\Windows\SYSTEM32\WINMM.dll
0x00007ffad3190000 - 0x00007ffad3199000 	C:\Windows\SYSTEM32\WSOCK32.dll
0x00007ffae8a30000 - 0x00007ffae8a9f000 	C:\Windows\System32\WS2_32.dll
0x00007ffae45d0000 - 0x00007ffae45fd000 	C:\Windows\SYSTEM32\winmmbase.dll
0x00007ffae6290000 - 0x00007ffae62da000 	C:\Windows\System32\cfgmgr32.dll
0x00007ffae24d0000 - 0x00007ffae24df000 	C:\Program Files\Java\jdk1.8.0_221\jre\bin\verify.dll
0x00007ffabed70000 - 0x00007ffabed99000 	C:\Program Files\Java\jdk1.8.0_221\jre\bin\java.dll
0x00007ffac21b0000 - 0x00007ffac21c6000 	C:\Program Files\Java\jdk1.8.0_221\jre\bin\zip.dll
0x00007ffae8320000 - 0x00007ffae8a07000 	C:\Windows\System32\SHELL32.dll
0x00007ffae7770000 - 0x00007ffae7819000 	C:\Windows\System32\shcore.dll
0x00007ffae6850000 - 0x00007ffae6fd0000 	C:\Windows\System32\windows.storage.dll
0x00007ffae5e10000 - 0x00007ffae5e33000 	C:\Windows\System32\profapi.dll
0x00007ffae5e60000 - 0x00007ffae5eaa000 	C:\Windows\System32\powrprof.dll
0x00007ffae5de0000 - 0x00007ffae5df0000 	C:\Windows\System32\UMPDC.dll
0x00007ffae7640000 - 0x00007ffae7692000 	C:\Windows\System32\shlwapi.dll
0x00007ffae5e40000 - 0x00007ffae5e51000 	C:\Windows\System32\kernel.appcore.dll
0x00007ffae6580000 - 0x00007ffae6597000 	C:\Windows\System32\cryptsp.dll
0x00007ffac0cb0000 - 0x00007ffac0cca000 	C:\Program Files\Java\jdk1.8.0_221\jre\bin\net.dll
0x00007ffad6200000 - 0x00007ffad63d6000 	C:\Windows\SYSTEM32\urlmon.dll
0x00007ffad6930000 - 0x00007ffad6bd6000 	C:\Windows\SYSTEM32\iertutil.dll
0x00007ffae5800000 - 0x00007ffae580c000 	C:\Windows\SYSTEM32\CRYPTBASE.DLL
0x00007ffae5630000 - 0x00007ffae5697000 	C:\Windows\system32\mswsock.dll
0x00007ffabfa30000 - 0x00007ffabfa42000 	C:\Program Files\Java\jdk1.8.0_221\jre\bin\nio.dll
0x00007ffabeb10000 - 0x00007ffabeb36000 	C:\Users\Rahmadilan\.gradle\native\31\windows-amd64\native-platform.dll
0x00007ffae20c0000 - 0x00007ffae20cd000 	C:\Program Files\Java\jdk1.8.0_221\jre\bin\management.dll
0x00007ffae5140000 - 0x00007ffae5173000 	C:\Windows\system32\rsaenh.dll
0x00007ffae6130000 - 0x00007ffae6156000 	C:\Windows\System32\bcrypt.dll
0x00007ffae5d00000 - 0x00007ffae5d25000 	C:\Windows\SYSTEM32\USERENV.dll
0x00007ffae52e0000 - 0x00007ffae531a000 	C:\Windows\SYSTEM32\IPHLPAPI.DLL
0x00007ffae8b60000 - 0x00007ffae8b68000 	C:\Windows\System32\NSI.dll
0x00007ffadd4f0000 - 0x00007ffadd506000 	C:\Windows\SYSTEM32\dhcpcsvc6.DLL
0x00007ffade380000 - 0x00007ffade39c000 	C:\Windows\SYSTEM32\dhcpcsvc.DLL
0x00007ffae5320000 - 0x00007ffae53eb000 	C:\Windows\SYSTEM32\DNSAPI.dll

VM Arguments:
jvm_args: -Xmx2048m -Dfile.encoding=windows-1252 -Duser.country=ID -Duser.language=en -Duser.variant 
java_command: org.gradle.launcher.daemon.bootstrap.GradleDaemon 6.1.1
java_class_path (initial): C:\Users\Rahmadilan\.gradle\wrapper\dists\gradle-6.1.1-all\cfmwm155h49vnt3hynmlrsdst\gradle-6.1.1\lib\gradle-launcher-6.1.1.jar
Launcher Type: SUN_STANDARD

Environment Variables:
PATH=C:\Program Files (x86)\Common Files\Oracle\Java\javapath;C:\Program Files (x86)\Common Files\Intel\Shared Files\cpp\bin\Intel64;C:\Windows\system32;C:\Windows;C:\Windows\System32\Wbem;C:\Windows\System32\WindowsPowerShell\v1.0\;C:\Windows\System32\OpenSSH\;C:\xampp\php;C:\ProgramData\ComposerSetup\bin;C:\Program Files\Git\cmd;C:\Program Files\Git\bin;C:\Users\Rahmadilan\AppData\Local\Programs\Python\Python38\Scripts\;C:\Users\Rahmadilan\AppData\Local\Programs\Python\Python38\;C:\Users\Rahmadilan\AppData\Local\Microsoft\WindowsApps;;C:\Users\Rahmadilan\AppData\Local\Programs\Microsoft VS Code\bin;C:\Users\Rahmadilan\AppData\Roaming\Composer\vendor\bin
USERNAME=Rahmadilan
OS=Windows_NT
PROCESSOR_IDENTIFIER=Intel64 Family 6 Model 78 Stepping 3, GenuineIntel



---------------  S Y S T E M  ---------------

OS: Windows 10.0 , 64 bit Build 18362 (10.0.18362.1082)

CPU:total 4 (initial active 4) (2 cores per cpu, 2 threads per core) family 6 model 78 stepping 3, cmov, cx8, fxsr, mmx, sse, sse2, sse3, ssse3, sse4.1, sse4.2, popcnt, avx, avx2, aes, clmul, erms, rtm, 3dnowpref, lzcnt, ht, tsc, tscinvbit, bmi1, bmi2, adx

Memory: 4k page, physical 8056840k(430224k free), swap 8056840k(5384k free)

vm_info: Java HotSpot(TM) 64-Bit Server VM (25.221-b11) for windows-amd64 JRE (1.8.0_221-b11), built on Jul  4 2019 04:39:29 by "java_re" with MS VC++ 10.0 (VS2010)

time: Sun Oct 11 08:51:30 2020
timezone: SE Asia Standard Time
elapsed time: 21 seconds (0d 0h 0m 21s)

